#
# There is insufficient memory for the Java Runtime Environment to continue.
# Native memory allocation (malloc) failed to allocate 2410864 bytes. Error detail: Chunk::new
# Possible reasons:
#   The system is out of physical RAM or swap space
#   This process is running with CompressedOops enabled, and the Java Heap may be blocking the growth of the native heap
# Possible solutions:
#   Reduce memory load on the system
#   Increase physical memory or swap space
#   Check if swap backing store is full
#   Decrease Java heap size (-Xmx/-Xms)
#   Decrease number of Java threads
#   Decrease Java thread stack sizes (-Xss)
#   Set larger code cache with -XX:ReservedCodeCacheSize=
#   JVM is running with Zero Based Compressed Oops mode in which the Java heap is
#     placed in the first 32GB address space. The Java Heap base address is the
#     maximum limit for the native heap growth. Please use -XX:HeapBaseMinAddress
#     to set the Java Heap base and to place the Java Heap above 32GB virtual address.
# This output file may be truncated or incomplete.
#
#  Out of Memory Error (arena.cpp:168), pid=32872, tid=8728
#
# JRE version: OpenJDK Runtime Environment (21.0.9) (build 21.0.9+-14649483-b1163.86)
# Java VM: OpenJDK 64-Bit Server VM (21.0.9+-14649483-b1163.86, mixed mode, tiered, compressed oops, compressed class ptrs, g1 gc, windows-amd64)
# No core dump will be written. Minidumps are not enabled by default on client versions of Windows
#

---------------  S U M M A R Y ------------

Command Line: org.jetbrains.kotlin.cli.jvm.K2JVMCompiler @C:\Users\91741\OneDrive\personals\softwares\flutter\packages\flutter_tools\gradle\build\20260223_1692190597003543526.compiler.options

Host: AMD Ryzen 5 7530U with Radeon Graphics         , 12 cores, 14G,  Windows 11 , 64 bit Build 26100 (10.0.26100.7705)
Time: Mon Feb 23 18:19:55 2026 India Standard Time elapsed time: 25.318212 seconds (0d 0h 0m 25s)

---------------  T H R E A D  ---------------

Current thread (0x000002b279c17340):  JavaThread "C2 CompilerThread0" daemon [_thread_in_native, id=8728, stack(0x000000bcfda00000,0x000000bcfdb00000) (1024K)]


Current CompileTask:
C2:25318 18599 %     4       org.jetbrains.kotlin.codegen.optimization.temporaryVals.TemporaryValsAnalyzer::analyze @ 260 (1247 bytes)

Stack: [0x000000bcfda00000,0x000000bcfdb00000]
Native frames: (J=compiled Java code, j=interpreted, Vv=VM code, C=native code)
V  [jvm.dll+0x6d6c99]
V  [jvm.dll+0x866b83]
V  [jvm.dll+0x86919e]
V  [jvm.dll+0x869883]
V  [jvm.dll+0x280776]
V  [jvm.dll+0xc07cd]
V  [jvm.dll+0xc0d03]
V  [jvm.dll+0x3b986b]
V  [jvm.dll+0x3856a7]
V  [jvm.dll+0x384b1a]
V  [jvm.dll+0x249462]
V  [jvm.dll+0x248a31]
V  [jvm.dll+0x1c7344]
V  [jvm.dll+0x2581ae]
V  [jvm.dll+0x2566f6]
V  [jvm.dll+0x3f48a6]
V  [jvm.dll+0x80f118]
V  [jvm.dll+0x6d54ed]
C  [ucrtbase.dll+0x37b0]
C  [KERNEL32.DLL+0x2e8d7]
C  [ntdll.dll+0x8c40c]


---------------  P R O C E S S  ---------------

Threads class SMR info:
_java_thread_list=0x000002b214aeda40, length=13, elements={
0x000002b26c8e7920, 0x000002b279bfb420, 0x000002b279c04860, 0x000002b279c052c0,
0x000002b279c0ff20, 0x000002b279c10980, 0x000002b279c113e0, 0x000002b279c11f70,
0x000002b279c17340, 0x000002b279c17f10, 0x000002b279dbbb70, 0x000002b2125d8400,
0x000002b2160d7940
}

Java Threads: ( => current thread )
  0x000002b26c8e7920 JavaThread "main"                              [_thread_in_Java, id=34792, stack(0x000000bcfcb00000,0x000000bcfcc00000) (1024K)]
  0x000002b279bfb420 JavaThread "Common-Cleaner"             daemon [_thread_blocked, id=32336, stack(0x000000bcfd300000,0x000000bcfd400000) (1024K)]
  0x000002b279c04860 JavaThread "Reference Handler"          daemon [_thread_blocked, id=16888, stack(0x000000bcfd400000,0x000000bcfd500000) (1024K)]
  0x000002b279c052c0 JavaThread "Finalizer"                  daemon [_thread_blocked, id=8876, stack(0x000000bcfd500000,0x000000bcfd600000) (1024K)]
  0x000002b279c0ff20 JavaThread "Signal Dispatcher"          daemon [_thread_blocked, id=12344, stack(0x000000bcfd600000,0x000000bcfd700000) (1024K)]
  0x000002b279c10980 JavaThread "Attach Listener"            daemon [_thread_blocked, id=23548, stack(0x000000bcfd700000,0x000000bcfd800000) (1024K)]
  0x000002b279c113e0 JavaThread "Service Thread"             daemon [_thread_blocked, id=28248, stack(0x000000bcfd800000,0x000000bcfd900000) (1024K)]
  0x000002b279c11f70 JavaThread "Monitor Deflation Thread"   daemon [_thread_blocked, id=27044, stack(0x000000bcfd900000,0x000000bcfda00000) (1024K)]
=>0x000002b279c17340 JavaThread "C2 CompilerThread0"         daemon [_thread_in_native, id=8728, stack(0x000000bcfda00000,0x000000bcfdb00000) (1024K)]
  0x000002b279c17f10 JavaThread "C1 CompilerThread0"         daemon [_thread_in_native, id=20328, stack(0x000000bcfdb00000,0x000000bcfdc00000) (1024K)]
  0x000002b279dbbb70 JavaThread "Notification Thread"        daemon [_thread_blocked, id=5400, stack(0x000000bcfdc00000,0x000000bcfdd00000) (1024K)]
  0x000002b2125d8400 JavaThread "C2 CompilerThread1"         daemon [_thread_in_native, id=31328, stack(0x000000bcfe600000,0x000000bcfe700000) (1024K)]
  0x000002b2160d7940 JavaThread "C2 CompilerThread2"         daemon [_thread_in_native, id=18764, stack(0x000000bcfe700000,0x000000bcfe800000) (1024K)]
Total: 13

Other Threads:
  0x000002b26c8c10c0 VMThread "VM Thread"                           [id=14944, stack(0x000000bcfd200000,0x000000bcfd300000) (1024K)]
  0x000002b2799d8d10 WatcherThread "VM Periodic Task Thread"        [id=10172, stack(0x000000bcfd100000,0x000000bcfd200000) (1024K)]
  0x000002b26c8c1ba0 WorkerThread "GC Thread#0"                     [id=35440, stack(0x000000bcfcc00000,0x000000bcfcd00000) (1024K)]
  0x000002b27e454c60 WorkerThread "GC Thread#1"                     [id=34540, stack(0x000000bcfde00000,0x000000bcfdf00000) (1024K)]
  0x000002b27e4553a0 WorkerThread "GC Thread#2"                     [id=35400, stack(0x000000bcfdf00000,0x000000bcfe000000) (1024K)]
  0x000002b27e452bc0 WorkerThread "GC Thread#3"                     [id=27924, stack(0x000000bcfe000000,0x000000bcfe100000) (1024K)]
  0x000002b27e453de0 WorkerThread "GC Thread#4"                     [id=15376, stack(0x000000bcfe100000,0x000000bcfe200000) (1024K)]
  0x000002b27e452480 WorkerThread "GC Thread#5"                     [id=19700, stack(0x000000bcfe200000,0x000000bcfe300000) (1024K)]
  0x000002b27e452f60 WorkerThread "GC Thread#6"                     [id=33844, stack(0x000000bcfdd00000,0x000000bcfde00000) (1024K)]
  0x000002b27e454520 WorkerThread "GC Thread#7"                     [id=33612, stack(0x000000bcfe300000,0x000000bcfe400000) (1024K)]
  0x000002b27f016c20 WorkerThread "GC Thread#8"                     [id=13252, stack(0x000000bcfe800000,0x000000bcfe900000) (1024K)]
  0x000002b27f0164e0 WorkerThread "GC Thread#9"                     [id=33816, stack(0x000000bcfe900000,0x000000bcfea00000) (1024K)]
  0x000002b26ed0fcc0 ConcurrentGCThread "G1 Main Marker"            [id=22776, stack(0x000000bcfcd00000,0x000000bcfce00000) (1024K)]
  0x000002b26c8c2a20 WorkerThread "G1 Conc#0"                       [id=28256, stack(0x000000bcfce00000,0x000000bcfcf00000) (1024K)]
  0x000002b27e453300 WorkerThread "G1 Conc#1"                       [id=11760, stack(0x000000bcfe400000,0x000000bcfe500000) (1024K)]
  0x000002b27e4536a0 WorkerThread "G1 Conc#2"                       [id=24776, stack(0x000000bcfe500000,0x000000bcfe600000) (1024K)]
  0x000002b26ed5e9e0 ConcurrentGCThread "G1 Refine#0"               [id=27532, stack(0x000000bcfcf00000,0x000000bcfd000000) (1024K)]
  0x000002b2798a95c0 ConcurrentGCThread "G1 Service"                [id=35032, stack(0x000000bcfd000000,0x000000bcfd100000) (1024K)]
Total: 18

Threads with active compile tasks:
C2 CompilerThread0  25353 18599 %     4       org.jetbrains.kotlin.codegen.optimization.temporaryVals.TemporaryValsAnalyzer::analyze @ 260 (1247 bytes)
C2 CompilerThread1  25353 18824       4       org.jetbrains.org.objectweb.asm.Frame::execute (2318 bytes)
C2 CompilerThread2  25353 18837       4       org.jetbrains.org.objectweb.asm.tree.analysis.Frame::execute (2125 bytes)
Total: 3

VM state: not at safepoint (normal execution)

VM Mutex/Monitor currently owned by a thread: None

Heap address: 0x0000000712c00000, size: 3796 MB, Compressed Oops mode: Zero based, Oop shift amount: 3

CDS archive(s) not mapped
Compressed class space mapped at: 0x0000000800000000-0x0000000840000000, reserved size: 1073741824
Narrow klass base: 0x0000000800000000, Narrow klass shift: 0, Narrow klass range: 0x40000000

GC Precious Log:
 CardTable entry size: 512
 Card Set container configuration: InlinePtr #cards 4 size 8 Array Of Cards #cards 16 size 48 Howl #buckets 8 coarsen threshold 3686 Howl Bitmap #cards 512 size 80 coarsen threshold 460 Card regions per heap region 1 cards per card region 4096
 CPUs: 12 total, 12 available
 Memory: 15182M
 Large Page Support: Disabled
 NUMA Support: Disabled
 Compressed Oops: Enabled (Zero based)
 Heap Region Size: 2M
 Heap Min Capacity: 8M
 Heap Initial Capacity: 238M
 Heap Max Capacity: 3796M
 Pre-touch: Disabled
 Parallel Workers: 10
 Concurrent Workers: 3
 Concurrent Refinement Workers: 10
 Periodic GC: Disabled

Heap:
 garbage-first heap   total 174080K, used 152199K [0x0000000712c00000, 0x0000000800000000)
  region size 2048K, 29 young (59392K), 3 survivors (6144K)
 Metaspace       used 91767K, committed 92672K, reserved 1179648K
  class space    used 9834K, committed 10240K, reserved 1048576K

Heap Regions: E=young(eden), S=young(survivor), O=old, HS=humongous(starts), HC=humongous(continues), CS=collection set, F=free, TAMS=top-at-mark-start, PB=parsable bottom
|   0|0x0000000712c00000, 0x0000000712e00000, 0x0000000712e00000|100%|HS|  |TAMS 0x0000000712c00000| PB 0x0000000712c00000| Complete 
|   1|0x0000000712e00000, 0x0000000713000000, 0x0000000713000000|100%|HC|  |TAMS 0x0000000712e00000| PB 0x0000000712e00000| Complete 
|   2|0x0000000713000000, 0x0000000713200000, 0x0000000713200000|100%| O|  |TAMS 0x0000000713000000| PB 0x0000000713000000| Untracked 
|   3|0x0000000713200000, 0x0000000713400000, 0x0000000713400000|100%| O|  |TAMS 0x0000000713200000| PB 0x0000000713200000| Untracked 
|   4|0x0000000713400000, 0x0000000713600000, 0x0000000713600000|100%| O|  |TAMS 0x0000000713400000| PB 0x0000000713400000| Untracked 
|   5|0x0000000713600000, 0x0000000713800000, 0x0000000713800000|100%| O|  |TAMS 0x0000000713600000| PB 0x0000000713600000| Untracked 
|   6|0x0000000713800000, 0x0000000713a00000, 0x0000000713a00000|100%|HS|  |TAMS 0x0000000713800000| PB 0x0000000713800000| Complete 
|   7|0x0000000713a00000, 0x0000000713c00000, 0x0000000713c00000|100%| O|  |TAMS 0x0000000713a00000| PB 0x0000000713a00000| Untracked 
|   8|0x0000000713c00000, 0x0000000713e00000, 0x0000000713e00000|100%| O|  |TAMS 0x0000000713c00000| PB 0x0000000713c00000| Untracked 
|   9|0x0000000713e00000, 0x0000000714000000, 0x0000000714000000|100%| O|  |TAMS 0x0000000713e00000| PB 0x0000000713e00000| Untracked 
|  10|0x0000000714000000, 0x0000000714200000, 0x0000000714200000|100%| O|  |TAMS 0x0000000714000000| PB 0x0000000714000000| Untracked 
|  11|0x0000000714200000, 0x0000000714400000, 0x0000000714400000|100%| O|  |TAMS 0x0000000714200000| PB 0x0000000714200000| Untracked 
|  12|0x0000000714400000, 0x0000000714600000, 0x0000000714600000|100%| O|  |TAMS 0x0000000714400000| PB 0x0000000714400000| Untracked 
|  13|0x0000000714600000, 0x0000000714800000, 0x0000000714800000|100%| O|  |TAMS 0x0000000714600000| PB 0x0000000714600000| Untracked 
|  14|0x0000000714800000, 0x0000000714a00000, 0x0000000714a00000|100%|HS|  |TAMS 0x0000000714800000| PB 0x0000000714800000| Complete 
|  15|0x0000000714a00000, 0x0000000714c00000, 0x0000000714c00000|100%|HC|  |TAMS 0x0000000714a00000| PB 0x0000000714a00000| Complete 
|  16|0x0000000714c00000, 0x0000000714e00000, 0x0000000714e00000|100%|HC|  |TAMS 0x0000000714c00000| PB 0x0000000714c00000| Complete 
|  17|0x0000000714e00000, 0x0000000715000000, 0x0000000715000000|100%| O|  |TAMS 0x0000000714e00000| PB 0x0000000714e00000| Untracked 
|  18|0x0000000715000000, 0x0000000715200000, 0x0000000715200000|100%| O|  |TAMS 0x0000000715000000| PB 0x0000000715000000| Untracked 
|  19|0x0000000715200000, 0x0000000715400000, 0x0000000715400000|100%| O|  |TAMS 0x0000000715200000| PB 0x0000000715200000| Untracked 
|  20|0x0000000715400000, 0x0000000715600000, 0x0000000715600000|100%| O|  |TAMS 0x0000000715400000| PB 0x0000000715400000| Untracked 
|  21|0x0000000715600000, 0x0000000715800000, 0x0000000715800000|100%| O|  |TAMS 0x0000000715600000| PB 0x0000000715600000| Untracked 
|  22|0x0000000715800000, 0x0000000715800000, 0x0000000715a00000|  0%| F|  |TAMS 0x0000000715800000| PB 0x0000000715800000| Untracked 
|  23|0x0000000715a00000, 0x0000000715c00000, 0x0000000715c00000|100%| O|  |TAMS 0x0000000715a00000| PB 0x0000000715a00000| Untracked 
|  24|0x0000000715c00000, 0x0000000715e00000, 0x0000000715e00000|100%| O|  |TAMS 0x0000000715c00000| PB 0x0000000715c00000| Untracked 
|  25|0x0000000715e00000, 0x0000000716000000, 0x0000000716000000|100%| O|  |TAMS 0x0000000715e00000| PB 0x0000000715e00000| Untracked 
|  26|0x0000000716000000, 0x0000000716200000, 0x0000000716200000|100%| O|  |TAMS 0x0000000716000000| PB 0x0000000716000000| Untracked 
|  27|0x0000000716200000, 0x0000000716400000, 0x0000000716400000|100%| O|  |TAMS 0x0000000716200000| PB 0x0000000716200000| Untracked 
|  28|0x0000000716400000, 0x0000000716600000, 0x0000000716600000|100%| O|  |TAMS 0x0000000716400000| PB 0x0000000716400000| Untracked 
|  29|0x0000000716600000, 0x0000000716800000, 0x0000000716800000|100%| O|  |TAMS 0x0000000716600000| PB 0x0000000716600000| Untracked 
|  30|0x0000000716800000, 0x0000000716a00000, 0x0000000716a00000|100%| O|  |TAMS 0x0000000716800000| PB 0x0000000716800000| Untracked 
|  31|0x0000000716a00000, 0x0000000716c00000, 0x0000000716c00000|100%| O|  |TAMS 0x0000000716a00000| PB 0x0000000716a00000| Untracked 
|  32|0x0000000716c00000, 0x0000000716c00000, 0x0000000716e00000|  0%| F|  |TAMS 0x0000000716c00000| PB 0x0000000716c00000| Untracked 
|  33|0x0000000716e00000, 0x0000000717000000, 0x0000000717000000|100%|HS|  |TAMS 0x0000000716e00000| PB 0x0000000716e00000| Complete 
|  34|0x0000000717000000, 0x0000000717200000, 0x0000000717200000|100%| O|  |TAMS 0x0000000717000000| PB 0x0000000717000000| Untracked 
|  35|0x0000000717200000, 0x0000000717400000, 0x0000000717400000|100%| O|  |TAMS 0x0000000717200000| PB 0x0000000717200000| Untracked 
|  36|0x0000000717400000, 0x0000000717600000, 0x0000000717600000|100%| O|  |TAMS 0x0000000717400000| PB 0x0000000717400000| Untracked 
|  37|0x0000000717600000, 0x0000000717800000, 0x0000000717800000|100%| O|  |TAMS 0x0000000717600000| PB 0x0000000717600000| Untracked 
|  38|0x0000000717800000, 0x0000000717a00000, 0x0000000717a00000|100%| O|  |TAMS 0x0000000717800000| PB 0x0000000717800000| Untracked 
|  39|0x0000000717a00000, 0x0000000717c00000, 0x0000000717c00000|100%| O|  |TAMS 0x0000000717a00000| PB 0x0000000717a00000| Untracked 
|  40|0x0000000717c00000, 0x0000000717e00000, 0x0000000717e00000|100%| O|  |TAMS 0x0000000717c00000| PB 0x0000000717c00000| Untracked 
|  41|0x0000000717e00000, 0x0000000718000000, 0x0000000718000000|100%| O|  |TAMS 0x0000000717e00000| PB 0x0000000717e00000| Untracked 
|  42|0x0000000718000000, 0x0000000718200000, 0x0000000718200000|100%| O|  |TAMS 0x0000000718000000| PB 0x0000000718000000| Untracked 
|  43|0x0000000718200000, 0x0000000718400000, 0x0000000718400000|100%| O|  |TAMS 0x0000000718200000| PB 0x0000000718200000| Untracked 
|  44|0x0000000718400000, 0x0000000718600000, 0x0000000718600000|100%| O|  |TAMS 0x0000000718400000| PB 0x0000000718400000| Untracked 
|  45|0x0000000718600000, 0x0000000718600000, 0x0000000718800000|  0%| F|  |TAMS 0x0000000718600000| PB 0x0000000718600000| Untracked 
|  46|0x0000000718800000, 0x0000000718800000, 0x0000000718a00000|  0%| F|  |TAMS 0x0000000718800000| PB 0x0000000718800000| Untracked 
|  47|0x0000000718a00000, 0x0000000718a00000, 0x0000000718c00000|  0%| F|  |TAMS 0x0000000718a00000| PB 0x0000000718a00000| Untracked 
|  48|0x0000000718c00000, 0x0000000718e00000, 0x0000000718e00000|100%| O|  |TAMS 0x0000000718c00000| PB 0x0000000718c00000| Untracked 
|  49|0x0000000718e00000, 0x0000000718e47b70, 0x0000000719000000| 14%| O|  |TAMS 0x0000000718e00000| PB 0x0000000718e00000| Untracked 
|  50|0x0000000719000000, 0x0000000719200000, 0x0000000719200000|100%| S|CS|TAMS 0x0000000719000000| PB 0x0000000719000000| Complete 
|  51|0x0000000719200000, 0x0000000719400000, 0x0000000719400000|100%| S|CS|TAMS 0x0000000719200000| PB 0x0000000719200000| Complete 
|  52|0x0000000719400000, 0x0000000719400000, 0x0000000719600000|  0%| F|  |TAMS 0x0000000719400000| PB 0x0000000719400000| Untracked 
|  53|0x0000000719600000, 0x0000000719600000, 0x0000000719800000|  0%| F|  |TAMS 0x0000000719600000| PB 0x0000000719600000| Untracked 
|  54|0x0000000719800000, 0x0000000719900000, 0x0000000719a00000| 50%| E|  |TAMS 0x0000000719800000| PB 0x0000000719800000| Complete 
|  55|0x0000000719a00000, 0x0000000719c00000, 0x0000000719c00000|100%| E|CS|TAMS 0x0000000719a00000| PB 0x0000000719a00000| Complete 
|  56|0x0000000719c00000, 0x0000000719e00000, 0x0000000719e00000|100%| E|CS|TAMS 0x0000000719c00000| PB 0x0000000719c00000| Complete 
|  57|0x0000000719e00000, 0x000000071a000000, 0x000000071a000000|100%| E|CS|TAMS 0x0000000719e00000| PB 0x0000000719e00000| Complete 
|  58|0x000000071a000000, 0x000000071a200000, 0x000000071a200000|100%| E|CS|TAMS 0x000000071a000000| PB 0x000000071a000000| Complete 
|  59|0x000000071a200000, 0x000000071a400000, 0x000000071a400000|100%| E|CS|TAMS 0x000000071a200000| PB 0x000000071a200000| Complete 
|  60|0x000000071a400000, 0x000000071a600000, 0x000000071a600000|100%| E|CS|TAMS 0x000000071a400000| PB 0x000000071a400000| Complete 
|  61|0x000000071a600000, 0x000000071a800000, 0x000000071a800000|100%| E|CS|TAMS 0x000000071a600000| PB 0x000000071a600000| Complete 
|  62|0x000000071a800000, 0x000000071aa00000, 0x000000071aa00000|100%| E|CS|TAMS 0x000000071a800000| PB 0x000000071a800000| Complete 
|  63|0x000000071aa00000, 0x000000071ac00000, 0x000000071ac00000|100%| E|CS|TAMS 0x000000071aa00000| PB 0x000000071aa00000| Complete 
|  64|0x000000071ac00000, 0x000000071ae00000, 0x000000071ae00000|100%| E|CS|TAMS 0x000000071ac00000| PB 0x000000071ac00000| Complete 
|  65|0x000000071ae00000, 0x000000071b000000, 0x000000071b000000|100%| E|CS|TAMS 0x000000071ae00000| PB 0x000000071ae00000| Complete 
|  66|0x000000071b000000, 0x000000071b200000, 0x000000071b200000|100%| E|CS|TAMS 0x000000071b000000| PB 0x000000071b000000| Complete 
|  67|0x000000071b200000, 0x000000071b400000, 0x000000071b400000|100%| E|CS|TAMS 0x000000071b200000| PB 0x000000071b200000| Complete 
|  68|0x000000071b400000, 0x000000071b600000, 0x000000071b600000|100%| E|CS|TAMS 0x000000071b400000| PB 0x000000071b400000| Complete 
|  69|0x000000071b600000, 0x000000071b800000, 0x000000071b800000|100%| E|CS|TAMS 0x000000071b600000| PB 0x000000071b600000| Complete 
|  70|0x000000071b800000, 0x000000071ba00000, 0x000000071ba00000|100%| E|CS|TAMS 0x000000071b800000| PB 0x000000071b800000| Complete 
|  71|0x000000071ba00000, 0x000000071bc00000, 0x000000071bc00000|100%| E|CS|TAMS 0x000000071ba00000| PB 0x000000071ba00000| Complete 
|  72|0x000000071bc00000, 0x000000071be00000, 0x000000071be00000|100%| E|CS|TAMS 0x000000071bc00000| PB 0x000000071bc00000| Complete 
|  73|0x000000071be00000, 0x000000071c000000, 0x000000071c000000|100%| E|CS|TAMS 0x000000071be00000| PB 0x000000071be00000| Complete 
|  74|0x000000071c000000, 0x000000071c200000, 0x000000071c200000|100%| E|CS|TAMS 0x000000071c000000| PB 0x000000071c000000| Complete 
|  75|0x000000071c200000, 0x000000071c400000, 0x000000071c400000|100%| E|CS|TAMS 0x000000071c200000| PB 0x000000071c200000| Complete 
|  76|0x000000071c400000, 0x000000071c600000, 0x000000071c600000|100%| E|CS|TAMS 0x000000071c400000| PB 0x000000071c400000| Complete 
|  77|0x000000071c600000, 0x000000071c800000, 0x000000071c800000|100%| E|CS|TAMS 0x000000071c600000| PB 0x000000071c600000| Complete 
|  78|0x000000071c800000, 0x000000071c85a290, 0x000000071ca00000| 17%| S|CS|TAMS 0x000000071c800000| PB 0x000000071c800000| Complete 
| 118|0x0000000721800000, 0x0000000721a00000, 0x0000000721a00000|100%| E|CS|TAMS 0x0000000721800000| PB 0x0000000721800000| Complete 
|1893|0x00000007ff600000, 0x00000007ff800000, 0x00000007ff800000|100%| O|  |TAMS 0x00000007ff600000| PB 0x00000007ff600000| Untracked 
|1894|0x00000007ff800000, 0x00000007ffa00000, 0x00000007ffa00000|100%| O|  |TAMS 0x00000007ff800000| PB 0x00000007ff800000| Untracked 
|1895|0x00000007ffa00000, 0x00000007ffc00000, 0x00000007ffc00000|100%| O|  |TAMS 0x00000007ffa00000| PB 0x00000007ffa00000| Untracked 
|1896|0x00000007ffc00000, 0x00000007ffe00000, 0x00000007ffe00000|100%| E|CS|TAMS 0x00000007ffc00000| PB 0x00000007ffc00000| Complete 
|1897|0x00000007ffe00000, 0x0000000800000000, 0x0000000800000000|100%| E|CS|TAMS 0x00000007ffe00000| PB 0x00000007ffe00000| Complete 

Card table byte_map: [0x000002b272ad0000,0x000002b273240000] _byte_map_base: 0x000002b26f23a000

Marking Bits: (CMBitMap*) 0x000002b26ecff0c0
 Bits: [0x000002b273240000, 0x000002b276d90000)

Polling page: 0x000002b26c890000

Metaspace:

Usage:
  Non-class:     80.02 MB used.
      Class:      9.60 MB used.
       Both:     89.62 MB used.

Virtual space:
  Non-class space:      128.00 MB reserved,      80.50 MB ( 63%) committed,  2 nodes.
      Class space:        1.00 GB reserved,      10.00 MB ( <1%) committed,  1 nodes.
             Both:        1.12 GB reserved,      90.50 MB (  8%) committed. 

Chunk freelists:
   Non-Class:  15.09 MB
       Class:  5.95 MB
        Both:  21.04 MB

MaxMetaspaceSize: unlimited
CompressedClassSpaceSize: 1.00 GB
Initial GC threshold: 21.00 MB
Current GC threshold: 114.81 MB
CDS: off
 - commit_granule_bytes: 65536.
 - commit_granule_words: 8192.
 - virtual_space_node_default_size: 8388608.
 - enlarge_chunks_in_place: 1.
 - use_allocation_guard: 0.


Internal statistics:

num_allocs_failed_limit: 9.
num_arena_births: 1496.
num_arena_deaths: 0.
num_vsnodes_births: 3.
num_vsnodes_deaths: 0.
num_space_committed: 1446.
num_space_uncommitted: 0.
num_chunks_returned_to_freelist: 9.
num_chunks_taken_from_freelist: 4673.
num_chunk_merges: 6.
num_chunk_splits: 3588.
num_chunks_enlarged: 2883.
num_inconsistent_stats: 0.

CodeHeap 'non-profiled nmethods': size=120000Kb used=10991Kb max_used=10991Kb free=109008Kb
 bounds [0x000002b207ad0000, 0x000002b208590000, 0x000002b20f000000]
CodeHeap 'profiled nmethods': size=120000Kb used=57419Kb max_used=57419Kb free=62580Kb
 bounds [0x000002b200000000, 0x000002b203820000, 0x000002b207530000]
CodeHeap 'non-nmethods': size=5760Kb used=1667Kb max_used=1712Kb free=4092Kb
 bounds [0x000002b207530000, 0x000002b2077a0000, 0x000002b207ad0000]
CodeCache: size=245760Kb, used=70077Kb, max_used=70122Kb, free=175680Kb
 total_blobs=17804, nmethods=17000, adapters=704, full_count=0
Compilation: enabled, stopped_count=0, restarted_count=0

Compilation events (20 events):
Event: 25.312 Thread 0x000002b279c17f10 nmethod 18812 0x000002b2037e5410 code [0x000002b2037e5660, 0x000002b2037e5ec8]
Event: 25.313 Thread 0x000002b279c17f10 18813       3       org.jetbrains.org.objectweb.asm.util.CheckSignatureAdapter::visitBaseType (92 bytes)
Event: 25.313 Thread 0x000002b279c17f10 nmethod 18813 0x000002b2037e6110 code [0x000002b2037e6340, 0x000002b2037e6a00]
Event: 25.313 Thread 0x000002b279c17f10 18815       3       org.jetbrains.org.objectweb.asm.tree.MethodNode::<init> (31 bytes)
Event: 25.314 Thread 0x000002b279c17f10 nmethod 18815 0x000002b2037e6c10 code [0x000002b2037e6de0, 0x000002b2037e70a0]
Event: 25.314 Thread 0x000002b279c17f10 18814       3       org.jetbrains.org.objectweb.asm.signature.SignatureWriter::visitBaseType (10 bytes)
Event: 25.314 Thread 0x000002b279c17f10 nmethod 18814 0x000002b2037e7210 code [0x000002b2037e73c0, 0x000002b2037e7578]
Event: 25.314 Thread 0x000002b279c17f10 18816       3       org.jetbrains.kotlin.codegen.inline.InplaceArgumentsMethodTransformer::<init> (5 bytes)
Event: 25.314 Thread 0x000002b279c17f10 nmethod 18816 0x000002b2037e7690 code [0x000002b2037e7840, 0x000002b2037e7a08]
Event: 25.314 Thread 0x000002b279c17f10 18817       3       org.jetbrains.kotlin.codegen.optimization.FixStackWithLabelNormalizationMethodTransformer::<init> (31 bytes)
Event: 25.314 Thread 0x000002b2160d7940 nmethod 18780 0x000002b208585c10 code [0x000002b208585dc0, 0x000002b208586320]
Event: 25.314 Thread 0x000002b2160d7940 18786       4       org.jetbrains.kotlin.ir.util.TypeTranslator::leaveScope (36 bytes)
Event: 25.315 Thread 0x000002b279c17f10 nmethod 18817 0x000002b2037e7b10 code [0x000002b2037e7e20, 0x000002b2037e9118]
Event: 25.315 Thread 0x000002b279c17f10 18818       3       org.jetbrains.kotlin.codegen.optimization.fixStack.FixStackMethodTransformer::<init> (5 bytes)
Event: 25.315 Thread 0x000002b279c17f10 nmethod 18818 0x000002b2037e9710 code [0x000002b2037e98c0, 0x000002b2037e9a88]
Event: 25.315 Thread 0x000002b279c17f10 18820       3       org.jetbrains.kotlin.codegen.inline.ReifiedTypeParametersUsages::wereUsedReifiedParameters (21 bytes)
Event: 25.315 Thread 0x000002b279c17f10 nmethod 18820 0x000002b2037e9b90 code [0x000002b2037e9d40, 0x000002b2037ea078]
Event: 25.315 Thread 0x000002b279c17f10 18821       3       org.jetbrains.kotlin.backend.common.lower.LocalDeclarationsLoweringKt::getBOUND_RECEIVER_PARAMETER (18 bytes)
Event: 25.316 Thread 0x000002b279c17f10 nmethod 18821 0x000002b2037ea190 code [0x000002b2037ea3c0, 0x000002b2037eaa38]
Event: 25.316 Thread 0x000002b279c17f10 18822       3       org.jetbrains.kotlin.codegen.optimization.fixStack.AnalyzeTryCatchBlocksKt::insertTryCatchBlocksMarkers (52 bytes)

GC Heap History (20 events):
Event: 6.632 GC heap before
{Heap before GC invocations=13 (full 0):
 garbage-first heap   total 118784K, used 90947K [0x0000000712c00000, 0x0000000800000000)
  region size 2048K, 20 young (40960K), 1 survivors (2048K)
 Metaspace       used 52261K, committed 52992K, reserved 1114112K
  class space    used 6325K, committed 6656K, reserved 1048576K
}
Event: 6.638 GC heap after
{Heap after GC invocations=14 (full 0):
 garbage-first heap   total 118784K, used 55659K [0x0000000712c00000, 0x0000000800000000)
  region size 2048K, 2 young (4096K), 2 survivors (4096K)
 Metaspace       used 52261K, committed 52992K, reserved 1114112K
  class space    used 6325K, committed 6656K, reserved 1048576K
}
Event: 8.672 GC heap before
{Heap before GC invocations=14 (full 0):
 garbage-first heap   total 118784K, used 96619K [0x0000000712c00000, 0x0000000800000000)
  region size 2048K, 22 young (45056K), 2 survivors (4096K)
 Metaspace       used 59175K, committed 60032K, reserved 1114112K
  class space    used 7142K, committed 7552K, reserved 1048576K
}
Event: 8.695 GC heap after
{Heap after GC invocations=15 (full 0):
 garbage-first heap   total 143360K, used 60805K [0x0000000712c00000, 0x0000000800000000)
  region size 2048K, 3 young (6144K), 3 survivors (6144K)
 Metaspace       used 59175K, committed 60032K, reserved 1114112K
  class space    used 7142K, committed 7552K, reserved 1048576K
}
Event: 10.902 GC heap before
{Heap before GC invocations=15 (full 0):
 garbage-first heap   total 143360K, used 116101K [0x0000000712c00000, 0x0000000800000000)
  region size 2048K, 30 young (61440K), 3 survivors (6144K)
 Metaspace       used 64209K, committed 65024K, reserved 1114112K
  class space    used 7626K, committed 8000K, reserved 1048576K
}
Event: 10.925 GC heap after
{Heap after GC invocations=16 (full 0):
 garbage-first heap   total 143360K, used 68817K [0x0000000712c00000, 0x0000000800000000)
  region size 2048K, 4 young (8192K), 4 survivors (8192K)
 Metaspace       used 64209K, committed 65024K, reserved 1114112K
  class space    used 7626K, committed 8000K, reserved 1048576K
}
Event: 12.861 GC heap before
{Heap before GC invocations=16 (full 0):
 garbage-first heap   total 143360K, used 120017K [0x0000000712c00000, 0x0000000800000000)
  region size 2048K, 29 young (59392K), 4 survivors (8192K)
 Metaspace       used 66025K, committed 66816K, reserved 1114112K
  class space    used 7694K, committed 8064K, reserved 1048576K
}
Event: 12.882 GC heap after
{Heap after GC invocations=17 (full 0):
 garbage-first heap   total 143360K, used 76296K [0x0000000712c00000, 0x0000000800000000)
  region size 2048K, 4 young (8192K), 4 survivors (8192K)
 Metaspace       used 66025K, committed 66816K, reserved 1114112K
  class space    used 7694K, committed 8064K, reserved 1048576K
}
Event: 14.778 GC heap before
{Heap before GC invocations=17 (full 0):
 garbage-first heap   total 143360K, used 121352K [0x0000000712c00000, 0x0000000800000000)
  region size 2048K, 26 young (53248K), 4 survivors (8192K)
 Metaspace       used 67013K, committed 67840K, reserved 1114112K
  class space    used 7721K, committed 8128K, reserved 1048576K
}
Event: 14.797 GC heap after
{Heap after GC invocations=18 (full 0):
 garbage-first heap   total 143360K, used 81145K [0x0000000712c00000, 0x0000000800000000)
  region size 2048K, 3 young (6144K), 3 survivors (6144K)
 Metaspace       used 67013K, committed 67840K, reserved 1114112K
  class space    used 7721K, committed 8128K, reserved 1048576K
}
Event: 16.253 GC heap before
{Heap before GC invocations=19 (full 0):
 garbage-first heap   total 143360K, used 126201K [0x0000000712c00000, 0x0000000800000000)
  region size 2048K, 24 young (49152K), 3 survivors (6144K)
 Metaspace       used 67533K, committed 68352K, reserved 1114112K
  class space    used 7768K, committed 8192K, reserved 1048576K
}
Event: 16.270 GC heap after
{Heap after GC invocations=20 (full 0):
 garbage-first heap   total 143360K, used 88016K [0x0000000712c00000, 0x0000000800000000)
  region size 2048K, 3 young (6144K), 3 survivors (6144K)
 Metaspace       used 67533K, committed 68352K, reserved 1114112K
  class space    used 7768K, committed 8192K, reserved 1048576K
}
Event: 17.646 GC heap before
{Heap before GC invocations=20 (full 0):
 garbage-first heap   total 143360K, used 126928K [0x0000000712c00000, 0x0000000800000000)
  region size 2048K, 22 young (45056K), 3 survivors (6144K)
 Metaspace       used 68039K, committed 68800K, reserved 1114112K
  class space    used 7808K, committed 8192K, reserved 1048576K
}
Event: 17.665 GC heap after
{Heap after GC invocations=21 (full 0):
 garbage-first heap   total 172032K, used 90294K [0x0000000712c00000, 0x0000000800000000)
  region size 2048K, 2 young (4096K), 2 survivors (4096K)
 Metaspace       used 68039K, committed 68800K, reserved 1114112K
  class space    used 7808K, committed 8192K, reserved 1048576K
}
Event: 19.427 GC heap before
{Heap before GC invocations=21 (full 0):
 garbage-first heap   total 172032K, used 149686K [0x0000000712c00000, 0x0000000800000000)
  region size 2048K, 31 young (63488K), 2 survivors (4096K)
 Metaspace       used 69578K, committed 70400K, reserved 1114112K
  class space    used 7933K, committed 8320K, reserved 1048576K
}
Event: 19.438 GC heap after
{Heap after GC invocations=22 (full 0):
 garbage-first heap   total 172032K, used 93622K [0x0000000712c00000, 0x0000000800000000)
  region size 2048K, 4 young (8192K), 4 survivors (8192K)
 Metaspace       used 69578K, committed 70400K, reserved 1114112K
  class space    used 7933K, committed 8320K, reserved 1048576K
}
Event: 21.374 GC heap before
{Heap before GC invocations=23 (full 0):
 garbage-first heap   total 172032K, used 150966K [0x0000000712c00000, 0x0000000800000000)
  region size 2048K, 32 young (65536K), 4 survivors (8192K)
 Metaspace       used 78556K, committed 79424K, reserved 1179648K
  class space    used 8855K, committed 9280K, reserved 1048576K
}
Event: 21.388 GC heap after
{Heap after GC invocations=24 (full 0):
 garbage-first heap   total 172032K, used 98121K [0x0000000712c00000, 0x0000000800000000)
  region size 2048K, 4 young (8192K), 4 survivors (8192K)
 Metaspace       used 78556K, committed 79424K, reserved 1179648K
  class space    used 8855K, committed 9280K, reserved 1048576K
}
Event: 23.715 GC heap before
{Heap before GC invocations=24 (full 0):
 garbage-first heap   total 172032K, used 155465K [0x0000000712c00000, 0x0000000800000000)
  region size 2048K, 32 young (65536K), 4 survivors (8192K)
 Metaspace       used 88391K, committed 89344K, reserved 1179648K
  class space    used 9610K, committed 10048K, reserved 1048576K
}
Event: 23.733 GC heap after
{Heap after GC invocations=25 (full 0):
 garbage-first heap   total 174080K, used 100999K [0x0000000712c00000, 0x0000000800000000)
  region size 2048K, 3 young (6144K), 3 survivors (6144K)
 Metaspace       used 88391K, committed 89344K, reserved 1179648K
  class space    used 9610K, committed 10048K, reserved 1048576K
}

Dll operation events (3 events):
Event: 0.015 Loaded shared library D:\software\an\jbr\bin\java.dll
Event: 0.025 Loaded shared library D:\software\an\jbr\bin\zip.dll
Event: 2.048 Loaded shared library D:\software\an\jbr\bin\verify.dll

Deoptimization events (20 events):
Event: 25.214 Thread 0x000002b26c8e7920 DEOPT PACKING pc=0x000002b2032faf8b sp=0x000000bcfcbfc870
Event: 25.214 Thread 0x000002b26c8e7920 DEOPT UNPACKING pc=0x000002b207584bc2 sp=0x000000bcfcbfbde8 mode 0
Event: 25.266 Thread 0x000002b26c8e7920 Uncommon trap: trap_request=0xffffff45 fr.pc=0x000002b208558728 relative=0x00000000000006e8
Event: 25.266 Thread 0x000002b26c8e7920 Uncommon trap: reason=unstable_if action=reinterpret pc=0x000002b208558728 method=org.jetbrains.kotlin.codegen.optimization.common.OptimizationBasicInterpreter.newOperation(Lorg/jetbrains/org/objectweb/asm/tree/AbstractInsnNode;)Lorg/jetbrains/org/objectw
Event: 25.266 Thread 0x000002b26c8e7920 DEOPT PACKING pc=0x000002b208558728 sp=0x000000bcfcbfa070
Event: 25.266 Thread 0x000002b26c8e7920 DEOPT UNPACKING pc=0x000002b207584422 sp=0x000000bcfcbfa020 mode 2
Event: 25.280 Thread 0x000002b26c8e7920 DEOPT PACKING pc=0x000002b2033696ed sp=0x000000bcfcbfc170
Event: 25.280 Thread 0x000002b26c8e7920 DEOPT UNPACKING pc=0x000002b207584bc2 sp=0x000000bcfcbfb638 mode 0
Event: 25.280 Thread 0x000002b26c8e7920 Uncommon trap: trap_request=0xffffff54 fr.pc=0x000002b20857c778 relative=0x0000000000000058
Event: 25.280 Thread 0x000002b26c8e7920 Uncommon trap: reason=speculate_null_assert action=make_not_entrant pc=0x000002b20857c778 method=org.jetbrains.kotlin.codegen.optimization.nullCheck.RedundantNullCheckMethodTransformerKt.isThrowIntrinsic(Lorg/jetbrains/org/objectweb/asm/tree/AbstractInsnN
Event: 25.280 Thread 0x000002b26c8e7920 DEOPT PACKING pc=0x000002b20857c778 sp=0x000000bcfcbfc230
Event: 25.281 Thread 0x000002b26c8e7920 DEOPT UNPACKING pc=0x000002b207584422 sp=0x000000bcfcbfc178 mode 2
Event: 25.311 Thread 0x000002b26c8e7920 Uncommon trap: trap_request=0xffffffde fr.pc=0x000002b2085716c4 relative=0x0000000000006724
Event: 25.311 Thread 0x000002b26c8e7920 Uncommon trap: reason=class_check action=maybe_recompile pc=0x000002b2085716c4 method=org.jetbrains.kotlin.types.AbstractTypeMapper.mapType(Lorg/jetbrains/kotlin/types/TypeSystemCommonBackendContextForTypeMapping;Lorg/jetbrains/kotlin/types/TypeMappingCon
Event: 25.311 Thread 0x000002b26c8e7920 DEOPT PACKING pc=0x000002b2085716c4 sp=0x000000bcfcbfa260
Event: 25.311 Thread 0x000002b26c8e7920 DEOPT UNPACKING pc=0x000002b207584422 sp=0x000000bcfcbfa228 mode 2
Event: 25.314 Thread 0x000002b26c8e7920 Uncommon trap: trap_request=0xffffffde fr.pc=0x000002b2085716c4 relative=0x0000000000006724
Event: 25.314 Thread 0x000002b26c8e7920 Uncommon trap: reason=class_check action=maybe_recompile pc=0x000002b2085716c4 method=org.jetbrains.kotlin.types.AbstractTypeMapper.mapType(Lorg/jetbrains/kotlin/types/TypeSystemCommonBackendContextForTypeMapping;Lorg/jetbrains/kotlin/types/TypeMappingCon
Event: 25.314 Thread 0x000002b26c8e7920 DEOPT PACKING pc=0x000002b2085716c4 sp=0x000000bcfcbfb960
Event: 25.314 Thread 0x000002b26c8e7920 DEOPT UNPACKING pc=0x000002b207584422 sp=0x000000bcfcbfb928 mode 2

Classes loaded (20 events):
Event: 19.863 Loading class java/text/NumberFormat done
Event: 19.863 Loading class java/text/ChoiceFormat done
Event: 19.882 Loading class java/lang/invoke/DirectMethodHandle$1
Event: 19.882 Loading class java/lang/invoke/DirectMethodHandle$1 done
Event: 19.892 Loading class java/text/FieldPosition
Event: 19.892 Loading class java/text/FieldPosition done
Event: 19.892 Loading class java/util/Date
Event: 19.893 Loading class java/util/Date done
Event: 19.893 Loading class java/text/MessageFormat$Field
Event: 19.893 Loading class java/text/Format$Field
Event: 19.893 Loading class java/text/AttributedCharacterIterator$Attribute
Event: 19.893 Loading class java/text/AttributedCharacterIterator$Attribute done
Event: 19.893 Loading class java/text/Format$Field done
Event: 19.893 Loading class java/text/MessageFormat$Field done
Event: 21.221 Loading class java/util/Collections$SynchronizedMap
Event: 21.222 Loading class java/util/Collections$SynchronizedMap done
Event: 23.534 Loading class java/lang/TypeNotPresentException
Event: 23.534 Loading class java/lang/TypeNotPresentException done
Event: 23.711 Loading class java/util/Vector$Itr
Event: 23.712 Loading class java/util/Vector$Itr done

Classes unloaded (0 events):
No events

Classes redefined (0 events):
No events

Internal exceptions (20 events):
Event: 20.332 Thread 0x000002b26c8e7920 Exception <a 'java/lang/NoSuchMethodError'{0x000000071af9dd10}: 'java.lang.Object java.lang.invoke.DirectMethodHandle$Holder.invokeSpecial(java.lang.Object, java.lang.Object, java.lang.Object, java.lang.Object, int, int)'> (0x000000071af9dd10) 
thrown [s\src\hotspot\share\interpreter\linkResolver.cpp, line 784]
Event: 20.332 Thread 0x000002b26c8e7920 Exception <a 'java/lang/NoSuchMethodError'{0x000000071afa14a0}: 'java.lang.Object java.lang.invoke.Invokers$Holder.linkToTargetMethod(java.lang.Object, java.lang.Object, int, int, java.lang.Object)'> (0x000000071afa14a0) 
thrown [s\src\hotspot\share\interpreter\linkResolver.cpp, line 784]
Event: 20.427 Thread 0x000002b26c8e7920 Exception <a 'java/lang/NoSuchMethodError'{0x000000071ad0b2b8}: 'java.lang.Object java.lang.invoke.DirectMethodHandle$Holder.newInvokeSpecial(java.lang.Object, int, int, java.lang.Object, java.lang.Object, java.lang.Object, java.lang.Object, java.lang.Object)'> (0x000000071ad0b2b8) 
thrown [s\src\hotspot\share\interpreter\linkResolver.cpp, line 784]
Event: 20.428 Thread 0x000002b26c8e7920 Exception <a 'java/lang/NoSuchMethodError'{0x000000071ad0f9b0}: 'java.lang.Object java.lang.invoke.DirectMethodHandle$Holder.invokeSpecial(java.lang.Object, java.lang.Object, int, int, java.lang.Object, java.lang.Object, java.lang.Object, java.lang.Object, java.lang.Object)'> (0x000000071ad0f9b0) 
thrown [s\src\hotspot\share\interpreter\linkResolver.cpp, line 784]
Event: 21.777 Thread 0x000002b26c8e7920 Exception <a 'java/lang/NoSuchMethodError'{0x000000071c2033c8}: 'java.lang.Object java.lang.invoke.DirectMethodHandle$Holder.invokeStatic(java.lang.Object, java.lang.Object, int, java.lang.Object, java.lang.Object)'> (0x000000071c2033c8) 
thrown [s\src\hotspot\share\interpreter\linkResolver.cpp, line 784]
Event: 21.777 Thread 0x000002b26c8e7920 Implicit null exception at 0x000002b2083674fb to 0x000002b208367e88
Event: 22.139 Thread 0x000002b26c8e7920 Implicit null exception at 0x000002b207ceb160 to 0x000002b207ceb24d
Event: 22.139 Thread 0x000002b26c8e7920 Implicit null exception at 0x000002b2083ca477 to 0x000002b2083ca584
Event: 22.139 Thread 0x000002b26c8e7920 Implicit null exception at 0x000002b207cf6a60 to 0x000002b207cf6b4d
Event: 22.494 Thread 0x000002b26c8e7920 Implicit null exception at 0x000002b208359f60 to 0x000002b20835a04d
Event: 23.676 Thread 0x000002b26c8e7920 Exception <a 'java/lang/NoSuchMethodError'{0x000000071969dd60}: 'java.lang.Object java.lang.invoke.DirectMethodHandle$Holder.invokeStatic(java.lang.Object, int, int)'> (0x000000071969dd60) 
thrown [s\src\hotspot\share\interpreter\linkResolver.cpp, line 784]
Event: 23.752 Thread 0x000002b26c8e7920 Exception <a 'java/lang/NoSuchMethodError'{0x00000007ffe962d8}: 'java.lang.Object java.lang.invoke.DirectMethodHandle$Holder.invokeStatic(java.lang.Object, java.lang.Object, int, int)'> (0x00000007ffe962d8) 
thrown [s\src\hotspot\share\interpreter\linkResolver.cpp, line 784]
Event: 24.361 Thread 0x000002b26c8e7920 Implicit null exception at 0x000002b2084c51b1 to 0x000002b2084c65c8
Event: 24.373 Thread 0x000002b26c8e7920 Implicit null exception at 0x000002b2084cbb30 to 0x000002b2084cbe40
Event: 24.639 Thread 0x000002b26c8e7920 Exception <a 'java/lang/NoSuchMethodError'{0x000000071b98bb90}: 'java.lang.Object java.lang.invoke.DirectMethodHandle$Holder.invokeStatic(java.lang.Object, java.lang.Object, java.lang.Object, java.lang.Object, java.lang.Object, int)'> (0x000000071b98bb90) 
thrown [s\src\hotspot\share\interpreter\linkResolver.cpp, line 784]
Event: 24.642 Thread 0x000002b26c8e7920 Exception <a 'java/lang/NoSuchMethodError'{0x000000071b993e38}: 'java.lang.Object java.lang.invoke.DirectMethodHandle$Holder.newInvokeSpecial(java.lang.Object, java.lang.Object, java.lang.Object, java.lang.Object, java.lang.Object, int)'> (0x000000071b993e38) 
thrown [s\src\hotspot\share\interpreter\linkResolver.cpp, line 784]
Event: 24.642 Thread 0x000002b26c8e7920 Exception <a 'java/lang/NoSuchMethodError'{0x000000071b997c30}: 'java.lang.Object java.lang.invoke.Invokers$Holder.linkToTargetMethod(java.lang.Object, java.lang.Object, java.lang.Object, java.lang.Object, int, java.lang.Object)'> (0x000000071b997c30) 
thrown [s\src\hotspot\share\interpreter\linkResolver.cpp, line 784]
Event: 25.156 Thread 0x000002b26c8e7920 Exception <a 'java/lang/NoSuchMethodError'{0x000000071a2a22e0}: 'java.lang.Object java.lang.invoke.DirectMethodHandle$Holder.newInvokeSpecial(java.lang.Object, java.lang.Object, java.lang.Object, int, java.lang.Object)'> (0x000000071a2a22e0) 
thrown [s\src\hotspot\share\interpreter\linkResolver.cpp, line 784]
Event: 25.157 Thread 0x000002b26c8e7920 Exception <a 'java/lang/NoSuchMethodError'{0x000000071a2a61a8}: 'java.lang.Object java.lang.invoke.DirectMethodHandle$Holder.invokeSpecial(java.lang.Object, java.lang.Object, java.lang.Object, java.lang.Object, int, java.lang.Object)'> (0x000000071a2a61a8) 
thrown [s\src\hotspot\share\interpreter\linkResolver.cpp, line 784]
Event: 25.157 Thread 0x000002b26c8e7920 Exception <a 'java/lang/NoSuchMethodError'{0x000000071a2a9740}: 'java.lang.Object java.lang.invoke.Invokers$Holder.linkToTargetMethod(java.lang.Object, java.lang.Object, int, java.lang.Object, java.lang.Object)'> (0x000000071a2a9740) 
thrown [s\src\hotspot\share\interpreter\linkResolver.cpp, line 784]

ZGC Phase Switch (0 events):
No events

VM Operations (20 events):
Event: 23.856 Executing VM operation: HandshakeAllThreads (Deoptimize)
Event: 23.856 Executing VM operation: HandshakeAllThreads (Deoptimize) done
Event: 23.995 Executing VM operation: ICBufferFull
Event: 23.995 Executing VM operation: ICBufferFull done
Event: 24.220 Executing VM operation: ICBufferFull
Event: 24.221 Executing VM operation: ICBufferFull done
Event: 24.303 Executing VM operation: HandshakeAllThreads (Deoptimize)
Event: 24.303 Executing VM operation: HandshakeAllThreads (Deoptimize) done
Event: 24.428 Executing VM operation: ICBufferFull
Event: 24.428 Executing VM operation: ICBufferFull done
Event: 24.526 Executing VM operation: ICBufferFull
Event: 24.526 Executing VM operation: ICBufferFull done
Event: 24.714 Executing VM operation: ICBufferFull
Event: 24.714 Executing VM operation: ICBufferFull done
Event: 24.915 Executing VM operation: ICBufferFull
Event: 24.915 Executing VM operation: ICBufferFull done
Event: 25.073 Executing VM operation: HandshakeAllThreads (Deoptimize)
Event: 25.073 Executing VM operation: HandshakeAllThreads (Deoptimize) done
Event: 25.164 Executing VM operation: ICBufferFull
Event: 25.164 Executing VM operation: ICBufferFull done

Memory protections (0 events):
No events

Nmethod flushes (20 events):
Event: 19.530 Thread 0x000002b26c8c10c0 flushing  nmethod 0x000002b200fb6b90
Event: 19.530 Thread 0x000002b26c8c10c0 flushing  nmethod 0x000002b200fb7b90
Event: 19.530 Thread 0x000002b26c8c10c0 flushing  nmethod 0x000002b200fbb010
Event: 19.530 Thread 0x000002b26c8c10c0 flushing  nmethod 0x000002b200fbbc90
Event: 19.530 Thread 0x000002b26c8c10c0 flushing  nmethod 0x000002b200fbd990
Event: 19.530 Thread 0x000002b26c8c10c0 flushing  nmethod 0x000002b200fbfe10
Event: 19.530 Thread 0x000002b26c8c10c0 flushing  nmethod 0x000002b200ff5690
Event: 19.530 Thread 0x000002b26c8c10c0 flushing  nmethod 0x000002b201005290
Event: 19.530 Thread 0x000002b26c8c10c0 flushing  nmethod 0x000002b201068c10
Event: 19.530 Thread 0x000002b26c8c10c0 flushing  nmethod 0x000002b201070690
Event: 19.530 Thread 0x000002b26c8c10c0 flushing  nmethod 0x000002b201072810
Event: 19.530 Thread 0x000002b26c8c10c0 flushing  nmethod 0x000002b2010d8a10
Event: 19.530 Thread 0x000002b26c8c10c0 flushing  nmethod 0x000002b2010eb590
Event: 19.530 Thread 0x000002b26c8c10c0 flushing  nmethod 0x000002b201143710
Event: 19.530 Thread 0x000002b26c8c10c0 flushing  nmethod 0x000002b201242590
Event: 19.530 Thread 0x000002b26c8c10c0 flushing  nmethod 0x000002b201243690
Event: 19.530 Thread 0x000002b26c8c10c0 flushing  nmethod 0x000002b201296e90
Event: 19.530 Thread 0x000002b26c8c10c0 flushing  nmethod 0x000002b2014d1510
Event: 19.530 Thread 0x000002b26c8c10c0 flushing  nmethod 0x000002b2014fe890
Event: 19.530 Thread 0x000002b26c8c10c0 flushing  nmethod 0x000002b201cfe390

Events (20 events):
Event: 3.279 Thread 0x000002b279c17f10 Thread added: 0x000002b27f685480
Event: 3.500 Thread 0x000002b279c17f10 Thread added: 0x000002b212264f10
Event: 3.710 Thread 0x000002b27f685480 Thread exited: 0x000002b27f685480
Event: 3.710 Thread 0x000002b212264f10 Thread exited: 0x000002b212264f10
Event: 3.782 Thread 0x000002b279c17f10 Thread added: 0x000002b212264ef0
Event: 4.426 Thread 0x000002b212264ef0 Thread exited: 0x000002b212264ef0
Event: 4.527 Thread 0x000002b279c17340 Thread added: 0x000002b21369c870
Event: 4.675 Thread 0x000002b279c17f10 Thread added: 0x000002b2126c6fb0
Event: 8.758 Thread 0x000002b2126c6fb0 Thread exited: 0x000002b2126c6fb0
Event: 10.188 Thread 0x000002b279c17f10 Thread added: 0x000002b213317390
Event: 11.493 Thread 0x000002b213317390 Thread exited: 0x000002b213317390
Event: 11.493 Thread 0x000002b21369c870 Thread exited: 0x000002b21369c870
Event: 12.133 Thread 0x000002b279c17f10 Thread added: 0x000002b214fff420
Event: 12.444 Thread 0x000002b279c17f10 Thread added: 0x000002b212389ca0
Event: 20.199 Thread 0x000002b212389ca0 Thread exited: 0x000002b212389ca0
Event: 20.865 Thread 0x000002b279c17f10 Thread added: 0x000002b21644d970
Event: 23.618 Thread 0x000002b21644d970 Thread exited: 0x000002b21644d970
Event: 23.618 Thread 0x000002b214fff420 Thread exited: 0x000002b214fff420
Event: 24.232 Thread 0x000002b279c17f10 Thread added: 0x000002b2125d8400
Event: 24.629 Thread 0x000002b279c17f10 Thread added: 0x000002b2160d7940


Dynamic libraries:
0x00007ff6b4530000 - 0x00007ff6b453a000 	D:\software\an\jbr\bin\java.exe
0x00007ffa584a0000 - 0x00007ffa58708000 	C:\WINDOWS\SYSTEM32\ntdll.dll
0x00007ffa56fe0000 - 0x00007ffa570a9000 	C:\WINDOWS\System32\KERNEL32.DLL
0x00007ffa55760000 - 0x00007ffa55b51000 	C:\WINDOWS\System32\KERNELBASE.dll
0x00007ffa560f0000 - 0x00007ffa5623b000 	C:\WINDOWS\System32\ucrtbase.dll
0x00007ffa49a60000 - 0x00007ffa49a78000 	D:\software\an\jbr\bin\jli.dll
0x00007ffa421b0000 - 0x00007ffa421cb000 	D:\software\an\jbr\bin\VCRUNTIME140.dll
0x00007ffa57de0000 - 0x00007ffa57fa6000 	C:\WINDOWS\System32\USER32.dll
0x00007ffa55f80000 - 0x00007ffa55fa7000 	C:\WINDOWS\System32\win32u.dll
0x00007ffa43730000 - 0x00007ffa439c3000 	C:\WINDOWS\WinSxS\amd64_microsoft.windows.common-controls_6595b64144ccf1df_6.0.26100.7824_none_3e0870b2e3345462\COMCTL32.dll
0x00007ffa57640000 - 0x00007ffa5766b000 	C:\WINDOWS\System32\GDI32.dll
0x00007ffa56a10000 - 0x00007ffa56ab9000 	C:\WINDOWS\System32\msvcrt.dll
0x00007ffa55ce0000 - 0x00007ffa55e0b000 	C:\WINDOWS\System32\gdi32full.dll
0x00007ffa56040000 - 0x00007ffa560e3000 	C:\WINDOWS\System32\msvcp_win.dll
0x00007ffa57270000 - 0x00007ffa572a1000 	C:\WINDOWS\System32\IMM32.DLL
0x00007ffa4f5d0000 - 0x00007ffa4f5dc000 	D:\software\an\jbr\bin\vcruntime140_1.dll
0x00007ffa495b0000 - 0x00007ffa4963d000 	D:\software\an\jbr\bin\msvcp140.dll
0x00007ffa14b70000 - 0x00007ffa15806000 	D:\software\an\jbr\bin\server\jvm.dll
0x00007ffa56b80000 - 0x00007ffa56c34000 	C:\WINDOWS\System32\ADVAPI32.dll
0x00007ffa568b0000 - 0x00007ffa56956000 	C:\WINDOWS\System32\sechost.dll
0x00007ffa58340000 - 0x00007ffa58458000 	C:\WINDOWS\System32\RPCRT4.dll
0x00007ffa582c0000 - 0x00007ffa58334000 	C:\WINDOWS\System32\WS2_32.dll
0x00007ffa54be0000 - 0x00007ffa54c3e000 	C:\WINDOWS\SYSTEM32\POWRPROF.dll
0x00007ffa4bd10000 - 0x00007ffa4bd45000 	C:\WINDOWS\SYSTEM32\WINMM.dll
0x00007ffa4bd50000 - 0x00007ffa4bd5b000 	C:\WINDOWS\SYSTEM32\VERSION.dll
0x00007ffa54bc0000 - 0x00007ffa54bd4000 	C:\WINDOWS\SYSTEM32\UMPDC.dll
0x00007ffa53ae0000 - 0x00007ffa53afb000 	C:\WINDOWS\SYSTEM32\kernel.appcore.dll
0x00007ffa43d20000 - 0x00007ffa43d2a000 	D:\software\an\jbr\bin\jimage.dll
0x00007ffa52d20000 - 0x00007ffa52f62000 	C:\WINDOWS\SYSTEM32\DBGHELP.DLL
0x00007ffa572b0000 - 0x00007ffa57636000 	C:\WINDOWS\System32\combase.dll
0x00007ffa58030000 - 0x00007ffa58107000 	C:\WINDOWS\System32\OLEAUT32.dll
0x00007ffa2cc20000 - 0x00007ffa2cc5b000 	C:\WINDOWS\SYSTEM32\dbgcore.DLL
0x00007ffa55e10000 - 0x00007ffa55eb5000 	C:\WINDOWS\System32\bcryptPrimitives.dll
0x00007ffa41fa0000 - 0x00007ffa41fc0000 	D:\software\an\jbr\bin\java.dll
0x00007ffa41f80000 - 0x00007ffa41f98000 	D:\software\an\jbr\bin\zip.dll
0x00007ffa57670000 - 0x00007ffa57dc2000 	C:\WINDOWS\System32\SHELL32.dll
0x00007ffa54d80000 - 0x00007ffa54eea000 	C:\WINDOWS\System32\wintypes.dll
0x00007ffa54ef0000 - 0x00007ffa55753000 	C:\WINDOWS\System32\windows.storage.dll
0x00007ffa58110000 - 0x00007ffa58206000 	C:\WINDOWS\System32\SHCORE.dll
0x00007ffa56b10000 - 0x00007ffa56b77000 	C:\WINDOWS\System32\shlwapi.dll
0x00007ffa54ca0000 - 0x00007ffa54cc9000 	C:\WINDOWS\SYSTEM32\profapi.dll
0x00007ffa42730000 - 0x00007ffa42740000 	D:\software\an\jbr\bin\net.dll
0x00007ffa4e350000 - 0x00007ffa4e477000 	C:\WINDOWS\SYSTEM32\WINHTTP.dll
0x00007ffa54030000 - 0x00007ffa5409b000 	C:\WINDOWS\system32\mswsock.dll
0x00007ffa41f60000 - 0x00007ffa41f76000 	D:\software\an\jbr\bin\nio.dll
0x00007ffa419a0000 - 0x00007ffa419b0000 	D:\software\an\jbr\bin\verify.dll

JVMTI agents: none

dbghelp: loaded successfully - version: 4.0.5 - missing functions: none
symbol engine: initialized successfully - sym options: 0x614 - pdb path: .;D:\software\an\jbr\bin;C:\WINDOWS\SYSTEM32;C:\WINDOWS\WinSxS\amd64_microsoft.windows.common-controls_6595b64144ccf1df_6.0.26100.7824_none_3e0870b2e3345462;D:\software\an\jbr\bin\server

VM Arguments:
java_command: org.jetbrains.kotlin.cli.jvm.K2JVMCompiler @C:\Users\91741\OneDrive\personals\softwares\flutter\packages\flutter_tools\gradle\build\20260223_1692190597003543526.compiler.options
java_class_path (initial): D:\gradle-home\caches\modules-2\files-2.1\org.jetbrains.kotlin\kotlin-compiler-embeddable\2.0.21\79346ed53db48b18312a472602eb5c057070c54d\kotlin-compiler-embeddable-2.0.21.jar;D:\gradle-home\caches\modules-2\files-2.1\org.jetbrains.kotlin\kotlin-stdlib\2.0.21\618b539767b4899b4660a83006e052b63f1db551\kotlin-stdlib-2.0.21.jar;D:\gradle-home\caches\modules-2\files-2.1\org.jetbrains.kotlin\kotlin-script-runtime\2.0.21\c9b044380ad41f89aa89aa896c2d32a8c0b2129d\kotlin-script-runtime-2.0.21.jar;D:\gradle-home\caches\modules-2\files-2.1\org.jetbrains.kotlin\kotlin-reflect\1.6.10\1cbe9c92c12a94eea200d23c2bbaedaf3daf5132\kotlin-reflect-1.6.10.jar;D:\gradle-home\caches\modules-2\files-2.1\org.jetbrains.kotlin\kotlin-daemon-embeddable\2.0.21\c9e933b23287de9b5a17e2116b4657bb91aea72c\kotlin-daemon-embeddable-2.0.21.jar;D:\gradle-home\caches\modules-2\files-2.1\org.jetbrains.intellij.deps\trove4j\1.0.20200330\3afb14d5f9ceb459d724e907a21145e8ff394f02\trove4j-1.0.20200330.jar;D:\gradle-home\caches\modules-2\files-2.1\org.jetbrains.kotlinx\kotlinx-coroutines-core-jvm\1.6.4\2c997cd1c0ef33f3e751d3831929aeff1390cb30\kotlinx-coroutines-core-jvm-1.6.4.jar;D:\gradle-home\caches\modules-2\files-2.1\org.jetbrains\annotations\13.0\919f0dfe192fb4e063e7dacadee7f8bb9a2672a9\annotations-13.0.jar
Launcher Type: SUN_STANDARD

[Global flags]
     intx CICompilerCount                          = 4                                         {product} {ergonomic}
     uint ConcGCThreads                            = 3                                         {product} {ergonomic}
     uint G1ConcRefinementThreads                  = 10                                        {product} {ergonomic}
   size_t G1HeapRegionSize                         = 2097152                                   {product} {ergonomic}
    uintx GCDrainStackTargetSize                   = 64                                        {product} {ergonomic}
   size_t InitialHeapSize                          = 249561088                                 {product} {ergonomic}
   size_t MarkStackSize                            = 4194304                                   {product} {ergonomic}
   size_t MaxHeapSize                              = 3980394496                                {product} {ergonomic}
   size_t MaxNewSize                               = 2386558976                                {product} {ergonomic}
   size_t MinHeapDeltaBytes                        = 2097152                                   {product} {ergonomic}
   size_t MinHeapSize                              = 8388608                                   {product} {ergonomic}
    uintx NonNMethodCodeHeapSize                   = 5839372                                {pd product} {ergonomic}
    uintx NonProfiledCodeHeapSize                  = 122909434                              {pd product} {ergonomic}
    uintx ProfiledCodeHeapSize                     = 122909434                              {pd product} {ergonomic}
    uintx ReservedCodeCacheSize                    = 251658240                              {pd product} {ergonomic}
     bool SegmentedCodeCache                       = true                                      {product} {ergonomic}
   size_t SoftMaxHeapSize                          = 3980394496                             {manageable} {ergonomic}
     bool UseCompressedOops                        = true                           {product lp64_product} {ergonomic}
     bool UseG1GC                                  = true                                      {product} {ergonomic}
     bool UseLargePagesIndividualAllocation        = false                                  {pd product} {ergonomic}

Logging:
Log output configuration:
 #0: stdout all=warning uptime,level,tags foldmultilines=false
 #1: stderr all=off uptime,level,tags foldmultilines=false

Release file:
JAVA_VERSION="21.0.9" 
MODULES="java.base java.compiler java.datatransfer java.xml java.prefs java.desktop java.instrument java.logging java.management java.security.sasl java.naming java.rmi java.management.rmi java.net.http java.scripting java.security.jgss java.transaction.xa java.sql java.sql.rowset java.xml.crypto java.se java.smartcardio jdk.accessibility jdk.internal.jvmstat jdk.attach jdk.charsets jdk.internal.opt jdk.zipfs jdk.compiler jdk.crypto.ec jdk.crypto.cryptoki jdk.dynalink jdk.hotspot.agent jdk.httpserver jdk.internal.ed jdk.internal.le jdk.internal.vm.ci jdk.jartool jdk.javadoc jdk.jcmd jdk.jdeps jdk.jdwp.agent jdk.jdi jdk.jfr jdk.jlink jdk.jsobject jdk.localedata jdk.management jdk.management.agent jdk.management.jfr jdk.naming.dns jdk.naming.rmi jdk.net jdk.sctp jdk.security.auth jdk.security.jgss jdk.unsupported jdk.unsupported.desktop jdk.xml.dom" 
IMPLEMENTOR="JetBrains s.r.o." 
JAVA_RUNTIME_VERSION="21.0.9+-14649483-b1163.86" 
LIBC="default" 
OS_ARCH="x86_64" 
OS_NAME="Windows" 
SOURCE=".:git:554d0c326095" 

Environment Variables:
JAVA_HOME=D:\software\an\jbr
CLASSPATH=D:\Project_traker\frontend\android\\gradle\wrapper\gradle-wrapper.jar
PATH=D:\software\an\jbr\bin;C:\Python313\Scripts\;C:\Python313\;C:\WINDOWS\system32;C:\WINDOWS;C:\WINDOWS\System32\Wbem;C:\WINDOWS\System32\WindowsPowerShell\v1.0\;C:\WINDOWS\System32\OpenSSH\;D:\Git\cmd;C:\Program Files\nodejs\;C:\ProgramData\chocolatey\bin;C:\Program Files\MongoDB\Server\8.2\bin;C:\Users\91741;C:\Users\91741\OneDrive\personals\softwares\flutter\bin;D:\s\gradle-9.3.1\bin;C:\Program Files\Java\jdk-21\bin;C:\Users\91741\AppData\Local\Microsoft\WindowsApps;C:\Users\91741\AppData\Local\Programs\Microsoft VS Code\bin;C:\Users\91741\AppData\Roaming\npm;C:\Program Files\mongosh\;D:\cursor\resources\app\bin;C:\Program Files\Java\jdk-17\bin;C:\Users\91741\OneDrive\personals\softwares\flutter\bin\mingit\cmd
USERNAME=91741
LANG=en_US.UTF-8
OS=Windows_NT
PROCESSOR_IDENTIFIER=AMD64 Family 25 Model 80 Stepping 0, AuthenticAMD
TMP=C:\Users\91741\AppData\Local\Temp
TEMP=C:\Users\91741\AppData\Local\Temp




Periodic native trim disabled

JNI global refs:
JNI global refs: 13, weak refs: 4

JNI global refs memory usage: 835, weak refs: 833

Process memory usage:
Resident Set Size: 466284K (2% of 15546744K total physical memory with 1507336K free physical memory)

OOME stack traces (most recent first):
Classloader memory used:
Loader jdk.internal.loader.ClassLoaders$AppClassLoader                                 : 77016K
Loader bootstrap                                                                       : 13766K
Loader java.net.URLClassLoader                                                         : 597K
Loader jdk.internal.jrtfs.JrtFileSystemProvider$JrtFsLoader                            : 334K
Loader jdk.internal.loader.ClassLoaders$PlatformClassLoader                            : 67880B

Classes loaded by more than one classloader:
Class jdk.internal.jimage.BasicImageReader                                            : loaded 2 times (x 95B)
Class jdk.internal.jimage.decompressor.StringSharingDecompressorFactory               : loaded 2 times (x 74B)
Class jdk.internal.jrtfs.JrtFileSystemProvider                                        : loaded 2 times (x 101B)
Class jdk.internal.jimage.ImageLocation                                               : loaded 2 times (x 90B)
Class jdk.internal.jimage.ImageBufferCache$1                                          : loaded 2 times (x 83B)
Class jdk.internal.jimage.ImageBufferCache$2                                          : loaded 2 times (x 91B)
Class jdk.internal.jimage.ImageHeader                                                 : loaded 2 times (x 71B)
Class jdk.internal.jimage.decompressor.ResourceDecompressor                           : loaded 2 times (x 70B)
Class jdk.internal.jimage.ImageStringsReader                                          : loaded 2 times (x 80B)
Class jdk.internal.jimage.ImageReader                                                 : loaded 2 times (x 75B)
Class jdk.internal.jimage.ImageReader$SharedImageReader                               : loaded 2 times (x 95B)
Class jdk.internal.jimage.decompressor.ResourceDecompressorFactory                    : loaded 2 times (x 74B)
Class jdk.internal.jimage.ImageReader$Node                                            : loaded 2 times (x 84B)
Class jdk.internal.jimage.BasicImageReader$1                                          : loaded 2 times (x 77B)
Class jdk.internal.jimage.decompressor.Decompressor                                   : loaded 2 times (x 72B)
Class jdk.internal.jimage.ImageBufferCache                                            : loaded 2 times (x 71B)
Class jdk.internal.jrtfs.JrtPath                                                      : loaded 2 times (x 118B)
Class jdk.internal.jimage.decompressor.ResourceDecompressorRepository                 : loaded 2 times (x 71B)
Class jdk.internal.jimage.ImageReader$Directory                                       : loaded 2 times (x 84B)
Class jdk.internal.jimage.decompressor.ZipDecompressorFactory                         : loaded 2 times (x 74B)
Class jdk.internal.jimage.decompressor.ZipDecompressor                                : loaded 2 times (x 75B)
Class jdk.internal.jimage.ImageStrings                                                : loaded 2 times (x 70B)
Class jdk.internal.jrtfs.JrtFileSystem                                                : loaded 2 times (x 102B)
Class jdk.internal.jimage.decompressor.CompressedResourceHeader                       : loaded 2 times (x 71B)
Class jdk.internal.jimage.decompressor.ResourceDecompressor$StringsProvider           : loaded 2 times (x 70B)

---------------  S Y S T E M  ---------------

OS:
 Windows 11 , 64 bit Build 26100 (10.0.26100.7705)
OS uptime: 0 days 8:10 hours
Hyper-V role detected

CPU: total 12 (initial active 12) (12 cores per cpu, 2 threads per core) family 25 model 80 stepping 0 microcode 0xa500014, cx8, cmov, fxsr, ht, mmx, 3dnowpref, sse, sse2, sse3, ssse3, sse4a, sse4.1, sse4.2, popcnt, lzcnt, tsc, tscinvbit, avx, avx2, aes, erms, clmul, bmi1, bmi2, adx, sha, fma, vzeroupper, clflush, clflushopt, hv, rdtscp, rdpid, fsrm, f16c, cet_ss
Processor Information for the first 12 processors :
  Max Mhz: 2000, Current Mhz: 2000, Mhz Limit: 2000

Memory: 4k page, system-wide physical 15182M (1463M free)
TotalPageFile size 31512M (AvailPageFile size 5M)
current process WorkingSet (physical memory assigned to process): 455M, peak: 455M
current process commit charge ("private bytes"): 493M, peak: 496M

vm_info: OpenJDK 64-Bit Server VM (21.0.9+-14649483-b1163.86) for windows-amd64 JRE (21.0.9+-14649483-b1163.86), built on 2025-12-30T22:08:35Z by "builder" with MS VC++ 16.10 / 16.11 (VS2019)

END.
